<?xml version="1.0" encoding="UTF-8"?>
<!-- Generated by org.testng.reporters.JUnitXMLReporter -->
<testsuite hostname="ip-172-31-87-158" ignored="0" name="Default test" tests="9" failures="0" timestamp="2021-12-18T17:57:00 UTC" time="33.011" errors="0">
  <testcase name="launchChromeTest" time="3.442" classname="com.webapp.test.group.BrowserBasedGroupTest"/>
  <testcase name="launchFireFoxTest" time="5.536" classname="com.webapp.test.group.BrowserBasedGroupTest"/>
  <testcase name="testFaceBookHomePage" time="0.05" classname="com.webapp.test.group.BrowserBasedGroupTest"/>
  <testcase name="testHomePageTitle" time="0.028" classname="com.webapp.test.group.BrowserBasedGroupTest"/>
  <testcase name="testFieldsLogin" time="0.166" classname="com.webapp.test.group.BrowserBasedGroupTest"/>
  <testcase name="testHomepageSoruceUrl" time="0.007" classname="com.webapp.test.group.BrowserBasedGroupTest"/>
  <testcase name="testFailureLogin" time="18.421" classname="com.webapp.test.group.BrowserBasedGroupTest"/>
  <testcase name="testSearchData" time="5.137" classname="com.webapp.test.group.BrowserBasedGroupTest"/>
  <testcase name="closeChrome" time="0.134" classname="com.webapp.test.group.BrowserBasedGroupTest"/>
</testsuite> <!-- Default test -->
