<?xml version="1.0" encoding="UTF-8"?>
<!-- Generated by org.testng.reporters.JUnitXMLReporter -->
<testsuite hostname="ip-172-31-87-158" ignored="0" name="Default test" tests="3" failures="0" timestamp="2021-12-18T15:58:40 UTC" time="0.065" errors="0">
  <testcase name="testOne" time="0.008" classname="com.webapp.test.StandardAnnotationTest"/>
  <testcase name="testThree" time="0.001" classname="com.webapp.test.StandardAnnotationTest"/>
  <testcase name="testTwo" time="0.001" classname="com.webapp.test.StandardAnnotationTest"/>
</testsuite> <!-- Default test -->
