<?xml version="1.0" encoding="UTF-8"?>
<!-- Generated by org.testng.reporters.JUnitXMLReporter -->
<testsuite hostname="ip-172-31-87-158" ignored="0" name="Anonnation Tests" tests="3" failures="0" timestamp="2021-12-18T17:02:40 UTC" time="0.021" errors="0">
  <testcase name="testOne" time="0.0" classname="com.webapp.test.StandardAnnotationTest"/>
  <testcase name="testThree" time="0.002" classname="com.webapp.test.StandardAnnotationTest"/>
  <testcase name="testTwo" time="0.002" classname="com.webapp.test.StandardAnnotationTest"/>
</testsuite> <!-- Anonnation Tests -->
