<?xml version="1.0" encoding="UTF-8"?>
<!-- Generated by org.testng.reporters.JUnitXMLReporter -->
<testsuite hostname="ip-172-31-87-158" ignored="0" name="Facebook Tests" tests="2" failures="0" timestamp="2021-12-18T17:02:40 UTC" time="21.091" errors="0">
  <testcase name="testFailureLogin" time="17.5" classname="com.webapp.test.facebook.FacebookFailureLoginTest"/>
  <testcase name="testFieldsLogin" time="0.155" classname="com.webapp.test.facebook.FacebookFailureLoginTest"/>
</testsuite> <!-- Facebook Tests -->
